2024-04-06 11:36:41,906:INFO:Starting the application
2024-04-06 11:36:41,998:INFO:[31m[1mWARNING: This is a development server. Do not use it in a production deployment. Use a production WSGI server instead.[0m
 * Running on http://127.0.0.1:5002
2024-04-06 11:36:41,998:INFO:[33mPress CTRL+C to quit[0m
2024-04-06 11:36:42,001:INFO: * Restarting with stat
2024-04-06 11:36:43,059:INFO:Starting the application
2024-04-06 11:36:43,071:WARNING: * Debugger is active!
2024-04-06 11:36:43,085:INFO: * Debugger PIN: 130-447-315
2024-04-06 11:40:39,002:INFO: * Detected change in 'c:\\Users\\Gamer\\Documents\\GitHub\\taller-presencial-Carturo8\\src\\6b_api_client\\autograding.py', reloading
2024-04-06 11:40:39,112:INFO: * Restarting with stat
2024-04-06 11:40:40,005:INFO:Starting the application
2024-04-06 11:40:40,018:WARNING: * Debugger is active!
2024-04-06 11:40:40,034:INFO: * Debugger PIN: 130-447-315
2024-04-06 11:41:25,309:INFO: * Detected change in 'c:\\Users\\Gamer\\Documents\\GitHub\\taller-presencial-Carturo8\\src\\6b_api_client\\app.py', reloading
2024-04-06 11:41:25,402:INFO: * Restarting with stat
2024-04-06 11:41:29,038:INFO:Starting the application
2024-04-06 11:41:29,100:WARNING: * Debugger is active!
2024-04-06 11:41:29,148:INFO: * Debugger PIN: 130-447-315
2024-04-06 11:41:43,203:INFO: * Detected change in 'c:\\Users\\Gamer\\Documents\\GitHub\\taller-presencial-Carturo8\\src\\6b_api_client\\app.py', reloading
2024-04-06 11:41:43,279:INFO: * Restarting with stat
2024-04-06 11:41:44,454:INFO:Starting the application
2024-04-06 11:41:44,466:WARNING: * Debugger is active!
2024-04-06 11:41:44,480:INFO: * Debugger PIN: 130-447-315
